[3717:3825:1022/140655.584171:ERROR:object_proxy.cc(576)] Failed to call method: org.freedesktop.DBus.StartServiceByName: object_path= /org/freedesktop/DBus: org.freedesktop.DBus.Error.NoReply: Did not receive a reply. Possible causes include: the remote application did not send a reply, the message bus security policy blocked the reply, the reply timeout expired, or the network connection was broken.
node:events:497
      throw er; // Unhandled 'error' event
      ^

Error: EBADF: bad file descriptor, read
Emitted 'error' event on ReadStream instance at:
    at emitErrorNT (node:internal/streams/destroy:169:8)
    at errorOrDestroy (node:internal/streams/destroy:238:7)
    at node:internal/fs/streams:272:9
    at FSReqCallback.wrapper [as oncomplete] (node:fs:684:5) {
  errno: -9,
  code: 'EBADF',
  syscall: 'read'
}

Node.js v20.16.0
[3717:3717:1022/140721.055963:ERROR:network_service_instance_impl.cc(613)] Network service crashed, restarting service.
[3717:3717:1022/141934.940234:ERROR:interface_endpoint_client.cc(725)] Message 1 rejected by interface blink.mojom.WidgetHost
[3717:3717:1022/143637.954431:ERROR:atom_cache.cc(229)] Add chromium/from-privileged to kAtomsToCache
[34875:12:1022/150445.913478:ERROR:ffmpeg_common.cc(970)] Unsupported pixel format: -1
Fontconfig error: Cannot load default config file: No such file: (null)
[4241:4246:1022/150457.795120:ERROR:ssl_client_socket_impl.cc(882)] handshake failed; returned -1, SSL error code 1, net_error -101
[4241:4246:1022/150501.183232:ERROR:ssl_client_socket_impl.cc(882)] handshake failed; returned -1, SSL error code 1, net_error -101
[3717:3717:1022/162632.103492:ERROR:zygote_communication_linux.cc(297)] Failed to send GetTerminationStatus message to zygote
[3717:3717:1022/162632.152690:ERROR:zygote_communication_linux.cc(297)] Failed to send GetTerminationStatus message to zygote
[3717:3717:1022/162632.317678:ERROR:zygote_communication_linux.cc(297)] Failed to send GetTerminationStatus message to zygote
[3717:3717:1022/162632.327851:ERROR:zygote_communication_linux.cc(297)] Failed to send GetTerminationStatus message to zygote
[3717:3717:1022/162632.346866:ERROR:zygote_communication_linux.cc(297)] Failed to send GetTerminationStatus message to zygote
[3717:3717:1022/162632.376909:ERROR:network_service_instance_impl.cc(613)] Network service crashed, restarting service.
[3717:3717:1022/162632.414844:ERROR:zygote_communication_linux.cc(297)] Failed to send GetTerminationStatus message to zygote
[3717:3717:1022/162632.423586:ERROR:zygote_communication_linux.cc(297)] Failed to send GetTerminationStatus message to zygote
[3717:3717:1022/162632.434230:ERROR:zygote_communication_linux.cc(297)] Failed to send GetTerminationStatus message to zygote
[3717:3717:1022/162632.445712:ERROR:zygote_communication_linux.cc(297)] Failed to send GetTerminationStatus message to zygote
[3717:3717:1022/162632.450664:ERROR:zygote_communication_linux.cc(297)] Failed to send GetTerminationStatus message to zygote
[3717:3717:1022/162632.455234:ERROR:zygote_communication_linux.cc(297)] Failed to send GetTerminationStatus message to zygote
[3717:3717:1022/162632.459745:ERROR:zygote_communication_linux.cc(297)] Failed to send GetTerminationStatus message to zygote
[3717:3717:1022/162632.464580:ERROR:zygote_communication_linux.cc(297)] Failed to send GetTerminationStatus message to zygote
[3717:3717:1022/162632.469931:ERROR:zygote_communication_linux.cc(297)] Failed to send GetTerminationStatus message to zygote
[3717:3717:1022/162632.474329:ERROR:zygote_communication_linux.cc(297)] Failed to send GetTerminationStatus message to zygote
[3717:3717:1022/162632.478759:ERROR:zygote_communication_linux.cc(297)] Failed to send GetTerminationStatus message to zygote
[3717:3717:1022/162632.483408:ERROR:zygote_communication_linux.cc(297)] Failed to send GetTerminationStatus message to zygote
[3717:3717:1022/162632.492828:ERROR:zygote_communication_linux.cc(297)] Failed to send GetTerminationStatus message to zygote
[3717:3717:1022/162632.502225:ERROR:zygote_communication_linux.cc(297)] Failed to send GetTerminationStatus message to zygote
[3717:3717:1022/162632.512745:ERROR:zygote_communication_linux.cc(297)] Failed to send GetTerminationStatus message to zygote
[3717:3717:1022/162632.546697:ERROR:zygote_communication_linux.cc(297)] Failed to send GetTerminationStatus message to zygote
[3717:3717:1022/162632.552127:ERROR:zygote_communication_linux.cc(297)] Failed to send GetTerminationStatus message to zygote
[3717:3717:1022/162632.556647:ERROR:zygote_communication_linux.cc(297)] Failed to send GetTerminationStatus message to zygote
[3717:3717:1022/162632.562762:ERROR:zygote_communication_linux.cc(297)] Failed to send GetTerminationStatus message to zygote
[3717:3717:1022/162632.600490:ERROR:zygote_communication_linux.cc(297)] Failed to send GetTerminationStatus message to zygote
[3717:3717:1022/162632.606534:ERROR:zygote_communication_linux.cc(297)] Failed to send GetTerminationStatus message to zygote
[3717:3717:1022/162632.646770:ERROR:zygote_communication_linux.cc(297)] Failed to send GetTerminationStatus message to zygote
[1022/162632.826852:ERROR:elf_dynamic_array_reader.h(64)] tag not found
[1022/162632.829752:ERROR:elf_dynamic_array_reader.h(64)] tag not found
[1022/162632.849630:ERROR:file_io_posix.cc(145)] open /sys/devices/system/cpu/cpu0/cpufreq/scaling_cur_freq: No such file or directory (2)
[1022/162632.849689:ERROR:file_io_posix.cc(145)] open /sys/devices/system/cpu/cpu0/cpufreq/scaling_max_freq: No such file or directory (2)
[3717:3717:1022/162632.747014:ERROR:browser_tabstrip.cc(105)] NOTREACHED hit. CloseWebContents called for tab not in our strip
[3717:3717:1022/162633.037918:ERROR:gpu_process_host.cc(974)] GPU process launch failed: error_code=1002
[3717:3717:1022/162633.184934:ERROR:gpu_process_host.cc(974)] GPU process launch failed: error_code=1002
[3717:3717:1022/162633.190611:ERROR:gpu_process_host.cc(974)] GPU process launch failed: error_code=1002
[3717:3717:1022/162633.198669:ERROR:gpu_process_host.cc(974)] GPU process launch failed: error_code=1002
node:events:497
      throw er; // Unhandled 'error' event
      ^

Error: EBADF: bad file descriptor, read
Emitted 'error' event on ReadStream instance at:
    at emitErrorNT (node:internal/streams/destroy:169:8)
    at errorOrDestroy (node:internal/streams/destroy:238:7)
    at node:internal/fs/streams:272:9
    at FSReqCallback.wrapper [as oncomplete] (node:fs:684:5) {
  errno: -9,
  code: 'EBADF',
  syscall: 'read'
}

Node.js v20.16.0
[2946:2946:1023/123609.947450:ERROR:network_service_instance_impl.cc(613)] Network service crashed, restarting service.
[2946:2946:1023/123841.049745:ERROR:interface_endpoint_client.cc(725)] Message 1 rejected by interface blink.mojom.WidgetHost
Fontconfig error: Cannot load default config file: No such file: (null)
Fontconfig error: Cannot load default config file: No such file: (null)
node:events:497
      throw er; // Unhandled 'error' event
      ^

Error: EBADF: bad file descriptor, read
Emitted 'error' event on ReadStream instance at:
    at emitErrorNT (node:internal/streams/destroy:169:8)
    at errorOrDestroy (node:internal/streams/destroy:238:7)
    at node:internal/fs/streams:272:9
    at FSReqCallback.wrapper [as oncomplete] (node:fs:684:5) {
  errno: -9,
  code: 'EBADF',
  syscall: 'read'
}

Node.js v20.16.0
/usr/lib/python3/dist-packages/zenmapCore/I18N.py:76: DeprecationWarning: 'locale.getdefaultlocale' is deprecated and slated for removal in Python 3.15. Use setlocale(), getencoding() and getlocale() instead.
  loc, enc = locale.getdefaultlocale()
/usr/lib/python3/dist-packages/zenmapGUI/Icons.py:116: PyGTKDeprecationWarning: Gtk.IconSet(pixbuf) has been deprecated. Please use: Gtk.IconSet.new_from_pixbuf(pixbuf)
  iconset = Gtk.IconSet(pixbuf=pixbuf)
/usr/lib/python3/dist-packages/gi/overrides/Gtk.py:1602: DeprecationWarning: Gtk.IconSet.new_from_pixbuf is deprecated
  iconset = Gtk.IconSet.new_from_pixbuf(pixbuf)
/usr/lib/python3/dist-packages/zenmapGUI/Icons.py:117: DeprecationWarning: Gtk.IconFactory.add is deprecated
  iconfactory.add(key, iconset)
/usr/lib/python3/dist-packages/zenmapGUI/Icons.py:119: DeprecationWarning: Gtk.IconFactory.add_default is deprecated
  iconfactory.add_default()
/usr/lib/python3/dist-packages/zenmapGUI/ScanToolbar.py:124: DeprecationWarning: Gtk.Container.set_focus_chain is deprecated
  self.target_entry.set_focus_chain((self.target_entry.get_child(),))
/usr/lib/python3/dist-packages/zenmapGUI/ScanOpenPortsPage.py:134: DeprecationWarning: Gtk.ScrolledWindow.add_with_viewport is deprecated
  self.add_with_viewport(self.host)
/usr/lib/python3/dist-packages/zenmapGUI/NmapOutputViewer.py:145: DeprecationWarning: Gdk.Color.to_string is deprecated
  "foreground", Gdk.Color(*text_color).to_string())
/usr/lib/python3/dist-packages/radialnet/bestwidgets/labels.py:88: DeprecationWarning: Gtk.Misc.set_alignment is deprecated
  self.set_alignment(0, 0.50)
/usr/lib/python3/dist-packages/radialnet/bestwidgets/expanders.py:76: DeprecationWarning: Gtk.Alignment.new is deprecated
  self.__alignment = Gtk.Alignment.new(0, 0, 1, 1)
/usr/lib/python3/dist-packages/radialnet/bestwidgets/expanders.py:77: DeprecationWarning: Gtk.Alignment.set_padding is deprecated
  self.__alignment.set_padding(12, 0, 24, 0)
/usr/lib/python3/dist-packages/radialnet/bestwidgets/boxes.py:149: DeprecationWarning: Gtk.Table.set_row_spacings is deprecated
  self.set_row_spacings(spacing)
/usr/lib/python3/dist-packages/radialnet/bestwidgets/boxes.py:150: DeprecationWarning: Gtk.Table.set_col_spacings is deprecated
  self.set_col_spacings(spacing)
/usr/lib/python3/dist-packages/gi/overrides/Gtk.py:1543: DeprecationWarning: Gtk.Table.attach is deprecated
  Gtk.Table.attach(self, child, left_attach, right_attach, top_attach, bottom_attach, xoptions, yoptions, xpadding, ypadding)
/usr/lib/python3/dist-packages/radialnet/bestwidgets/buttons.py:75: DeprecationWarning: Gtk.Image.set_from_stock is deprecated
  self.__image.set_from_stock(stock, self.__size)
/usr/lib/python3/dist-packages/zenmapGUI/MainWindow.py:164: DeprecationWarning: Gtk.ActionGroup.new is deprecated
  self.main_action_group = Gtk.ActionGroup.new('MainActionGroup')
/usr/lib/python3/dist-packages/gi/overrides/Gtk.py:268: DeprecationWarning: Gtk.ActionGroup.add_action_with_accel is deprecated
  self.add_action_with_accel(action, accelerator)
/usr/lib/python3/dist-packages/zenmapGUI/MainWindow.py:362: DeprecationWarning: Gtk.ActionGroup.list_actions is deprecated
  for action in self.main_action_group.list_actions():
/usr/lib/python3/dist-packages/zenmapGUI/MainWindow.py:363: DeprecationWarning: Gtk.Action.set_accel_group is deprecated
  action.set_accel_group(self.main_accel_group)
/usr/lib/python3/dist-packages/zenmapGUI/MainWindow.py:364: DeprecationWarning: Gtk.Action.connect_accelerator is deprecated
  action.connect_accelerator()
/usr/lib/python3/dist-packages/gi/overrides/Gtk.py:395: DeprecationWarning: Gtk.UIManager.insert_action_group is deprecated
  return Gtk.UIManager.insert_action_group(self, buffer, length)
/usr/lib/python3/dist-packages/gi/overrides/Gtk.py:392: DeprecationWarning: Gtk.UIManager.add_ui_from_string is deprecated
  return Gtk.UIManager.add_ui_from_string(self, buffer, length)
/usr/lib/python3/dist-packages/zenmapGUI/MainWindow.py:437: DeprecationWarning: Gtk.UIManager.get_widget is deprecated
  menubar = self.ui_manager.get_widget('/menubar')
/usr/lib/python3/dist-packages/zenmapGUI/ScanHostDetailsPage.py:242: DeprecationWarning: Gtk.Table.set_col_spacing is deprecated
  table.set_col_spacing(1, 50)
/usr/lib/python3/dist-packages/gi/overrides/Gtk.py:566: PyGTKDeprecationWarning: The keyword(s) "parent" have been deprecated in favor of "transient_for" respectively. See: https://wiki.gnome.org/PyGObject/InitializerDeprecations
  self._init(*args, **new_kwargs)
